Arguments: 
  /home/josiah/.nvm/versions/node/v10.19.0/bin/node /home/josiah/.nvm/versions/node/v10.19.0/bin/yarn test

PATH: 
  /home/josiah/.local/bin:/home/josiah/.nvm/versions/node/v10.19.0/bin:/home/josiah/.local/bin:/usr/local/bin:/usr/bin:/bin:/usr/local/sbin:/usr/lib/jvm/default/bin:/usr/bin/site_perl:/usr/bin/vendor_perl:/usr/bin/core_perl:/var/lib/snapd/snap/bin:/usr/lib/jvm/default/bin:/usr/bin/site_perl:/usr/bin/vendor_perl:/usr/bin/core_perl

Yarn version: 
  1.22.4

Node version: 
  10.19.0

Platform: 
  linux x64

Trace: 
  SyntaxError: /home/josiah/Documents/Projects/task-scheduler-react-app/package.json: Unexpected string in JSON at position 327
      at JSON.parse (<anonymous>)
      at /home/josiah/.nvm/versions/node/v10.19.0/lib/node_modules/yarn/lib/cli.js:1625:59
      at Generator.next (<anonymous>)
      at step (/home/josiah/.nvm/versions/node/v10.19.0/lib/node_modules/yarn/lib/cli.js:310:30)
      at /home/josiah/.nvm/versions/node/v10.19.0/lib/node_modules/yarn/lib/cli.js:321:13

npm manifest: 
  {
    "name": "task-schedule-frontend",
    "version": "1.0.0",
    "main": "index.js",
    "scripts": {
      "dev": "webpack-dev-server --open --hot --mode development",
      "build": "webpack --mode production",
      "test":"NODE_ENV=test nyc mocha — require @babel/register — require       ignore-styles src/test/*.test.js --exit"
      "lint": "eslint \"**/*.js\""
    },
    "keywords": [],
    "author": "",
    "license": "ISC",
    "dependencies": {
      "axios": "^0.19.2",
      "jwt-decode": "^2.2.0",
      "react": "^16.13.0",
      "react-dom": "^16.13.0",
      "react-redux": "^7.2.0",
      "react-router-dom": "^5.1.2",
      "redux": "^4.0.5",
      "redux-thunk": "^2.3.0"
    },
    "devDependencies": {
      "@babel/core": "^7.8.7",
      "@babel/preset-env": "^7.8.7",
      "@babel/preset-react": "^7.8.3",
      "babel-loader": "^8.0.6",
      "chai": "^4.2.0",
      "css-loader": "^3.4.2",
      "eslint": "^6.8.0",
      "eslint-plugin-react": "^7.19.0",
      "html-webpack-plugin": "^3.2.0",
      "mocha": "^7.1.0",
      "nyc": "^15.0.0",
      "redux-devtools-extension": "^2.13.8",
      "style-loader": "^1.1.3",
      "webpack": "^4.41.5",
      "webpack-cli": "^3.3.10",
      "webpack-dev-server": "^3.10.3"
    }
  }

yarn manifest: 
  No manifest

Lockfile: 
  No lockfile
